This is pdfTeX, Version 3.1415926-2.5-1.40.14 (TeX Live 2013) (format=pdflatex 2013.10.30)  22 JUL 2015 15:13
entering extended mode
 restricted \write18 enabled.
 %&-line parsing enabled.
**survey_OSinCTRL.tex -recorder
(./survey_OSinCTRL.tex
LaTeX2e <2011/06/27>
Babel <3.9f> and hyphenation patterns for 78 languages loaded.
(./now.cls
Document Class: now 2013/08/01 v1.0 NOW document class
(/usr/local/texlive/2013/texmf-dist/tex/latex/base/book.cls
Document Class: book 2007/10/19 v1.4h Standard LaTeX document class
(/usr/local/texlive/2013/texmf-dist/tex/latex/base/bk11.clo
File: bk11.clo 2007/10/19 v1.4h Standard LaTeX file (size option)
)
\c@part=\count79
\c@chapter=\count80
\c@section=\count81
\c@subsection=\count82
\c@subsubsection=\count83
\c@paragraph=\count84
\c@subparagraph=\count85
\c@figure=\count86
\c@table=\count87
\abovecaptionskip=\skip41
\belowcaptionskip=\skip42
\bibindent=\dimen102
)
(/usr/local/texlive/2013/texmf-dist/tex/latex/fancyhdr/fancyhdr.sty
\fancy@headwidth=\skip43
\f@ncyO@elh=\skip44
\f@ncyO@erh=\skip45
\f@ncyO@olh=\skip46
\f@ncyO@orh=\skip47
\f@ncyO@elf=\skip48
\f@ncyO@erf=\skip49
\f@ncyO@olf=\skip50
\f@ncyO@orf=\skip51
)
(/usr/local/texlive/2013/texmf-dist/tex/latex/titlesec/titlesec.sty
Package: titlesec 2011/12/15 v2.10.0 Sectioning titles
\ttl@box=\box26
\beforetitleunit=\skip52
\aftertitleunit=\skip53
\ttl@plus=\dimen103
\ttl@minus=\dimen104
\ttl@toksa=\toks14
\titlewidth=\dimen105
\titlewidthlast=\dimen106
\titlewidthfirst=\dimen107
)
(/usr/local/texlive/2013/texmf-dist/tex/latex/caption/caption.sty
Package: caption 2013/05/02 v3.3-89 Customizing captions (AR)

(/usr/local/texlive/2013/texmf-dist/tex/latex/caption/caption3.sty
Package: caption3 2013/05/02 v1.6-88 caption3 kernel (AR)
Package caption3 Info: TeX engine: e-TeX on input line 57.

(/usr/local/texlive/2013/texmf-dist/tex/latex/graphics/keyval.sty
Package: keyval 1999/03/16 v1.13 key=value parser (DPC)
\KV@toks@=\toks15
)
\captionmargin=\dimen108
\captionmargin@=\dimen109
\captionwidth=\dimen110
\caption@tempdima=\dimen111
\caption@indent=\dimen112
\caption@parindent=\dimen113
\caption@hangindent=\dimen114
)
\c@ContinuedFloat=\count88
)
(/usr/local/texlive/2013/texmf-dist/tex/latex/emptypage/emptypage.sty
Package: emptypage 2010/05/30 v1.2 Suppress page numbers and headings on empty 
pages
)
(./frontmatter.tex
(/usr/local/texlive/2013/texmf-dist/tex/latex/lastpage/lastpage.sty
Package: lastpage 2013/01/28 v1.2l Refers to last page's name (HMM; JPG)
)
(/usr/local/texlive/2013/texmf-dist/tex/latex/tools/multicol.sty
Package: multicol 2011/06/27 v1.7a multicolumn formatting (FMi)
\c@tracingmulticols=\count89
\mult@box=\box27
\multicol@leftmargin=\dimen115
\c@unbalance=\count90
\c@collectmore=\count91
\doublecol@number=\count92
\multicoltolerance=\count93
\multicolpretolerance=\count94
\full@width=\dimen116
\page@free=\dimen117
\premulticols=\dimen118
\postmulticols=\dimen119
\multicolsep=\skip54
\multicolbaselineskip=\skip55
\partial@page=\box28
\last@line=\box29
\mult@rightbox=\box30
\mult@grightbox=\box31
\mult@gfirstbox=\box32
\mult@firstbox=\box33
\@tempa=\box34
\@tempa=\box35
\@tempa=\box36
\@tempa=\box37
\@tempa=\box38
\@tempa=\box39
\@tempa=\box40
\@tempa=\box41
\@tempa=\box42
\@tempa=\box43
\@tempa=\box44
\@tempa=\box45
\@tempa=\box46
\@tempa=\box47
\@tempa=\box48
\@tempa=\box49
\@tempa=\box50
\c@columnbadness=\count95
\c@finalcolumnbadness=\count96
\last@try=\dimen120
\multicolovershoot=\dimen121
\multicolundershoot=\dimen122
\mult@nat@firstbox=\box51
\colbreak@box=\box52
\multicol@sort@counter=\count97
)
\editorcount=\count98
\chiefeditorcount=\count99
)
(/usr/local/texlive/2013/texmf-dist/tex/latex/url/url.sty
\Urlmuskip=\muskip10
Package: url 2006/04/12  ver 3.3  Verb mode for urls, etc.
)
(/usr/local/texlive/2013/texmf-dist/tex/latex/graphics/graphicx.sty
Package: graphicx 1999/02/16 v1.0f Enhanced LaTeX Graphics (DPC,SPQR)

(/usr/local/texlive/2013/texmf-dist/tex/latex/graphics/graphics.sty
Package: graphics 2009/02/05 v1.0o Standard LaTeX Graphics (DPC,SPQR)

(/usr/local/texlive/2013/texmf-dist/tex/latex/graphics/trig.sty
Package: trig 1999/03/16 v1.09 sin cos tan (DPC)
)
(/usr/local/texlive/2013/texmf-dist/tex/latex/latexconfig/graphics.cfg
File: graphics.cfg 2010/04/23 v1.9 graphics configuration of TeX Live
)
Package graphics Info: Driver file: pdftex.def on input line 91.

(/usr/local/texlive/2013/texmf-dist/tex/latex/pdftex-def/pdftex.def
File: pdftex.def 2011/05/27 v0.06d Graphics/color for pdfTeX

(/usr/local/texlive/2013/texmf-dist/tex/generic/oberdiek/infwarerr.sty
Package: infwarerr 2010/04/08 v1.3 Providing info/warning/error messages (HO)
)
(/usr/local/texlive/2013/texmf-dist/tex/generic/oberdiek/ltxcmds.sty
Package: ltxcmds 2011/11/09 v1.22 LaTeX kernel commands for general use (HO)
)
\Gread@gobject=\count100
))
\Gin@req@height=\dimen123
\Gin@req@width=\dimen124
)
(/usr/local/texlive/2013/texmf-dist/tex/latex/lm/lmodern.sty
Package: lmodern 2009/10/30 v1.6 Latin Modern Fonts
LaTeX Font Info:    Overwriting symbol font `operators' in version `normal'
(Font)                  OT1/cmr/m/n --> OT1/lmr/m/n on input line 22.
LaTeX Font Info:    Overwriting symbol font `letters' in version `normal'
(Font)                  OML/cmm/m/it --> OML/lmm/m/it on input line 23.
LaTeX Font Info:    Overwriting symbol font `symbols' in version `normal'
(Font)                  OMS/cmsy/m/n --> OMS/lmsy/m/n on input line 24.
LaTeX Font Info:    Overwriting symbol font `largesymbols' in version `normal'
(Font)                  OMX/cmex/m/n --> OMX/lmex/m/n on input line 25.
LaTeX Font Info:    Overwriting symbol font `operators' in version `bold'
(Font)                  OT1/cmr/bx/n --> OT1/lmr/bx/n on input line 26.
LaTeX Font Info:    Overwriting symbol font `letters' in version `bold'
(Font)                  OML/cmm/b/it --> OML/lmm/b/it on input line 27.
LaTeX Font Info:    Overwriting symbol font `symbols' in version `bold'
(Font)                  OMS/cmsy/b/n --> OMS/lmsy/b/n on input line 28.
LaTeX Font Info:    Overwriting symbol font `largesymbols' in version `bold'
(Font)                  OMX/cmex/m/n --> OMX/lmex/m/n on input line 29.
LaTeX Font Info:    Overwriting math alphabet `\mathbf' in version `normal'
(Font)                  OT1/cmr/bx/n --> OT1/lmr/bx/n on input line 31.
LaTeX Font Info:    Overwriting math alphabet `\mathsf' in version `normal'
(Font)                  OT1/cmss/m/n --> OT1/lmss/m/n on input line 32.
LaTeX Font Info:    Overwriting math alphabet `\mathit' in version `normal'
(Font)                  OT1/cmr/m/it --> OT1/lmr/m/it on input line 33.
LaTeX Font Info:    Overwriting math alphabet `\mathtt' in version `normal'
(Font)                  OT1/cmtt/m/n --> OT1/lmtt/m/n on input line 34.
LaTeX Font Info:    Overwriting math alphabet `\mathbf' in version `bold'
(Font)                  OT1/cmr/bx/n --> OT1/lmr/bx/n on input line 35.
LaTeX Font Info:    Overwriting math alphabet `\mathsf' in version `bold'
(Font)                  OT1/cmss/bx/n --> OT1/lmss/bx/n on input line 36.
LaTeX Font Info:    Overwriting math alphabet `\mathit' in version `bold'
(Font)                  OT1/cmr/bx/it --> OT1/lmr/bx/it on input line 37.
LaTeX Font Info:    Overwriting math alphabet `\mathtt' in version `bold'
(Font)                  OT1/cmtt/m/n --> OT1/lmtt/m/n on input line 38.
)
(/usr/local/texlive/2013/texmf-dist/tex/latex/base/fontenc.sty
Package: fontenc 2005/09/27 v1.99g Standard LaTeX package

(/usr/local/texlive/2013/texmf-dist/tex/latex/base/t1enc.def
File: t1enc.def 2005/09/27 v1.99g Standard LaTeX file
LaTeX Font Info:    Redeclaring font encoding T1 on input line 43.
))
(/usr/local/texlive/2013/texmf-dist/tex/latex/natbib/natbib.sty
Package: natbib 2010/09/13 8.31b (PWD, AO)
\bibhang=\skip56
\bibsep=\skip57
LaTeX Info: Redefining \cite on input line 694.
\c@NAT@ctr=\count101
)
(/usr/local/texlive/2013/texmf-dist/tex/latex/amscls/amsthm.sty
Package: amsthm 2004/08/06 v2.20
\thm@style=\toks16
\thm@bodyfont=\toks17
\thm@headfont=\toks18
\thm@notefont=\toks19
\thm@headpunct=\toks20
\thm@preskip=\skip58
\thm@postskip=\skip59
\thm@headsep=\skip60
\dth@everypar=\toks21
)
\c@theorem=\count102
\c@proposition=\count103
\c@remark=\count104
\c@definition=\count105
\c@example=\count106

(/usr/local/texlive/2013/texmf-dist/tex/latex/geometry/geometry.sty
Package: geometry 2010/09/12 v5.6 Page Geometry

(/usr/local/texlive/2013/texmf-dist/tex/generic/oberdiek/ifpdf.sty
Package: ifpdf 2011/01/30 v2.3 Provides the ifpdf switch (HO)
Package ifpdf Info: pdfTeX in PDF mode is detected.
)
(/usr/local/texlive/2013/texmf-dist/tex/generic/oberdiek/ifvtex.sty
Package: ifvtex 2010/03/01 v1.5 Detect VTeX and its facilities (HO)
Package ifvtex Info: VTeX not detected.
)
(/usr/local/texlive/2013/texmf-dist/tex/generic/ifxetex/ifxetex.sty
Package: ifxetex 2010/09/12 v0.6 Provides ifxetex conditional
)
\Gm@cnth=\count107
\Gm@cntv=\count108
\c@Gm@tempcnt=\count109
\Gm@bindingoffset=\dimen125
\Gm@wd@mp=\dimen126
\Gm@odd@mp=\dimen127
\Gm@even@mp=\dimen128
\Gm@layoutwidth=\dimen129
\Gm@layoutheight=\dimen130
\Gm@layouthoffset=\dimen131
\Gm@layoutvoffset=\dimen132
\Gm@dimlist=\toks22
)
(/usr/local/texlive/2013/texmf-dist/tex/latex/hyperref/hyperref.sty
Package: hyperref 2012/11/06 v6.83m Hypertext links for LaTeX

(/usr/local/texlive/2013/texmf-dist/tex/generic/oberdiek/hobsub-hyperref.sty
Package: hobsub-hyperref 2012/05/28 v1.13 Bundle oberdiek, subset hyperref (HO)


(/usr/local/texlive/2013/texmf-dist/tex/generic/oberdiek/hobsub-generic.sty
Package: hobsub-generic 2012/05/28 v1.13 Bundle oberdiek, subset generic (HO)
Package: hobsub 2012/05/28 v1.13 Construct package bundles (HO)
Package hobsub Info: Skipping package `infwarerr' (already loaded).
Package hobsub Info: Skipping package `ltxcmds' (already loaded).
Package: ifluatex 2010/03/01 v1.3 Provides the ifluatex switch (HO)
Package ifluatex Info: LuaTeX not detected.
Package hobsub Info: Skipping package `ifvtex' (already loaded).
Package: intcalc 2007/09/27 v1.1 Expandable calculations with integers (HO)
Package hobsub Info: Skipping package `ifpdf' (already loaded).
Package: etexcmds 2011/02/16 v1.5 Avoid name clashes with e-TeX commands (HO)
Package etexcmds Info: Could not find \expanded.
(etexcmds)             That can mean that you are not using pdfTeX 1.50 or
(etexcmds)             that some package has redefined \expanded.
(etexcmds)             In the latter case, load this package earlier.
Package: kvsetkeys 2012/04/25 v1.16 Key value parser (HO)
Package: kvdefinekeys 2011/04/07 v1.3 Define keys (HO)
Package: pdftexcmds 2011/11/29 v0.20 Utility functions of pdfTeX for LuaTeX (HO
)
Package pdftexcmds Info: LuaTeX not detected.
Package pdftexcmds Info: \pdf@primitive is available.
Package pdftexcmds Info: \pdf@ifprimitive is available.
Package pdftexcmds Info: \pdfdraftmode found.
Package: pdfescape 2011/11/25 v1.13 Implements pdfTeX's escape features (HO)
Package: bigintcalc 2012/04/08 v1.3 Expandable calculations on big integers (HO
)
Package: bitset 2011/01/30 v1.1 Handle bit-vector datatype (HO)
Package: uniquecounter 2011/01/30 v1.2 Provide unlimited unique counter (HO)
)
Package hobsub Info: Skipping package `hobsub' (already loaded).
Package: letltxmacro 2010/09/02 v1.4 Let assignment for LaTeX macros (HO)
Package: hopatch 2012/05/28 v1.2 Wrapper for package hooks (HO)
Package: xcolor-patch 2011/01/30 xcolor patch
Package: atveryend 2011/06/30 v1.8 Hooks at the very end of document (HO)
Package atveryend Info: \enddocument detected (standard20110627).
Package: atbegshi 2011/10/05 v1.16 At begin shipout hook (HO)
Package: refcount 2011/10/16 v3.4 Data extraction from label references (HO)
Package: hycolor 2011/01/30 v1.7 Color options for hyperref/bookmark (HO)
)
(/usr/local/texlive/2013/texmf-dist/tex/latex/oberdiek/auxhook.sty
Package: auxhook 2011/03/04 v1.3 Hooks for auxiliary files (HO)
)
(/usr/local/texlive/2013/texmf-dist/tex/latex/oberdiek/kvoptions.sty
Package: kvoptions 2011/06/30 v3.11 Key value format for package options (HO)
)
\@linkdim=\dimen133
\Hy@linkcounter=\count110
\Hy@pagecounter=\count111

(/usr/local/texlive/2013/texmf-dist/tex/latex/hyperref/pd1enc.def
File: pd1enc.def 2012/11/06 v6.83m Hyperref: PDFDocEncoding definition (HO)
)
\Hy@SavedSpaceFactor=\count112

(/usr/local/texlive/2013/texmf-dist/tex/latex/latexconfig/hyperref.cfg
File: hyperref.cfg 2002/06/06 v1.2 hyperref configuration of TeXLive
)
Package hyperref Info: Hyper figures OFF on input line 4443.
Package hyperref Info: Link nesting OFF on input line 4448.
Package hyperref Info: Hyper index ON on input line 4451.
Package hyperref Info: Plain pages OFF on input line 4458.
Package hyperref Info: Backreferencing OFF on input line 4463.
Package hyperref Info: Implicit mode ON; LaTeX internals redefined.
Package hyperref Info: Bookmarks ON on input line 4688.
\c@Hy@tempcnt=\count113
LaTeX Info: Redefining \url on input line 5041.
\XeTeXLinkMargin=\dimen134
\Fld@menulength=\count114
\Field@Width=\dimen135
\Fld@charsize=\dimen136
Package hyperref Info: Hyper figures OFF on input line 6295.
Package hyperref Info: Link nesting OFF on input line 6300.
Package hyperref Info: Hyper index ON on input line 6303.
Package hyperref Info: backreferencing OFF on input line 6310.
Package hyperref Info: Link coloring OFF on input line 6315.
Package hyperref Info: Link coloring with OCG OFF on input line 6320.
Package hyperref Info: PDF/A mode OFF on input line 6325.
LaTeX Info: Redefining \ref on input line 6365.
LaTeX Info: Redefining \pageref on input line 6369.
\Hy@abspage=\count115
\c@Item=\count116
\c@Hfootnote=\count117
)

Package hyperref Message: Driver (autodetected): hpdftex.

(/usr/local/texlive/2013/texmf-dist/tex/latex/hyperref/hpdftex.def
File: hpdftex.def 2012/11/06 v6.83m Hyperref driver for pdfTeX
\Fld@listcount=\count118
\c@bookmark@seq@number=\count119

(/usr/local/texlive/2013/texmf-dist/tex/latex/oberdiek/rerunfilecheck.sty
Package: rerunfilecheck 2011/04/15 v1.7 Rerun checks for auxiliary files (HO)
Package uniquecounter Info: New unique counter `rerunfilecheck' on input line 2
82.
)
\Hy@SectionHShift=\skip61
))
\c@myas=\count120

(/usr/local/texlive/2013/texmf-dist/tex/latex/amsfonts/amsfonts.sty
Package: amsfonts 2013/01/14 v3.01 Basic AMSFonts support
\@emptytoks=\toks23
\symAMSa=\mathgroup4
\symAMSb=\mathgroup5
LaTeX Font Info:    Overwriting math alphabet `\mathfrak' in version `bold'
(Font)                  U/euf/m/n --> U/euf/b/n on input line 106.
)
(/usr/local/texlive/2013/texmf-dist/tex/latex/amsfonts/amssymb.sty
Package: amssymb 2013/01/14 v3.01 AMS font symbols
)
(/usr/local/texlive/2013/texmf-dist/tex/latex/amsmath/amsbsy.sty
Package: amsbsy 1999/11/29 v1.2d

(/usr/local/texlive/2013/texmf-dist/tex/latex/amsmath/amsgen.sty
File: amsgen.sty 1999/11/30 v2.0
\@emptytoks=\toks24
\ex@=\dimen137
)
\pmbraise@=\dimen138
)
(/usr/local/texlive/2013/texmf-dist/tex/latex/mh/mathtools.sty
Package: mathtools 2013/02/12 v1.13 mathematical typesetting tools

(/usr/local/texlive/2013/texmf-dist/tex/latex/tools/calc.sty
Package: calc 2007/08/22 v4.3 Infix arithmetic (KKT,FJ)
\calc@Acount=\count121
\calc@Bcount=\count122
\calc@Adimen=\dimen139
\calc@Bdimen=\dimen140
\calc@Askip=\skip62
\calc@Bskip=\skip63
LaTeX Info: Redefining \setlength on input line 76.
LaTeX Info: Redefining \addtolength on input line 77.
\calc@Ccount=\count123
\calc@Cskip=\skip64
)
(/usr/local/texlive/2013/texmf-dist/tex/latex/mh/mhsetup.sty
Package: mhsetup 2010/01/21 v1.2a programming setup (MH)
)
(/usr/local/texlive/2013/texmf-dist/tex/latex/amsmath/amsmath.sty
Package: amsmath 2013/01/14 v2.14 AMS math features
\@mathmargin=\skip65

For additional information on amsmath, use the `?' option.
(/usr/local/texlive/2013/texmf-dist/tex/latex/amsmath/amstext.sty
Package: amstext 2000/06/29 v2.01
)
(/usr/local/texlive/2013/texmf-dist/tex/latex/amsmath/amsopn.sty
Package: amsopn 1999/12/14 v2.01 operator names
)
\inf@bad=\count124
LaTeX Info: Redefining \frac on input line 210.
\uproot@=\count125
\leftroot@=\count126
LaTeX Info: Redefining \overline on input line 306.
\classnum@=\count127
\DOTSCASE@=\count128
LaTeX Info: Redefining \ldots on input line 378.
LaTeX Info: Redefining \dots on input line 381.
LaTeX Info: Redefining \cdots on input line 466.
\Mathstrutbox@=\box53
\strutbox@=\box54
\big@size=\dimen141
LaTeX Font Info:    Redeclaring font encoding OML on input line 566.
LaTeX Font Info:    Redeclaring font encoding OMS on input line 567.
\macc@depth=\count129
\c@MaxMatrixCols=\count130
\dotsspace@=\muskip11
\c@parentequation=\count131
\dspbrk@lvl=\count132
\tag@help=\toks25
\row@=\count133
\column@=\count134
\maxfields@=\count135
\andhelp@=\toks26
\eqnshift@=\dimen142
\alignsep@=\dimen143
\tagshift@=\dimen144
\tagwidth@=\dimen145
\totwidth@=\dimen146
\lineht@=\dimen147
\@envbody=\toks27
\multlinegap=\skip66
\multlinetaggap=\skip67
\mathdisplay@stack=\toks28
LaTeX Info: Redefining \[ on input line 2665.
LaTeX Info: Redefining \] on input line 2666.
)
LaTeX Info: Thecontrolsequence`\['isalreadyrobust on input line 129.
LaTeX Info: Thecontrolsequence`\]'isalreadyrobust on input line 129.
\g_MT_multlinerow_int=\count136
\l_MT_multwidth_dim=\dimen148
\origjot=\skip68
\l_MT_shortvdotswithinadjustabove_dim=\dimen149
\l_MT_shortvdotswithinadjustbelow_dim=\dimen150
\l_MT_above_intertext_sep=\dimen151
\l_MT_below_intertext_sep=\dimen152
\l_MT_above_shortintertext_sep=\dimen153
\l_MT_below_shortintertext_sep=\dimen154
)
(/usr/local/texlive/2013/texmf-dist/tex/latex/tools/verbatim.sty
Package: verbatim 2003/08/22 v1.5q LaTeX2e package for verbatim enhancements
\every@verbatim=\toks29
\verbatim@line=\toks30
\verbatim@in@stream=\read1
)
(/usr/local/texlive/2013/texmf-dist/tex/latex/tools/tabularx.sty
Package: tabularx 1999/01/07 v2.07 `tabularx' package (DPC)

(/usr/local/texlive/2013/texmf-dist/tex/latex/tools/array.sty
Package: array 2008/09/09 v2.4c Tabular extension package (FMi)
\col@sep=\dimen155
\extrarowheight=\dimen156
\NC@list=\toks31
\extratabsurround=\skip69
\backup@length=\skip70
)
\TX@col@width=\dimen157
\TX@old@table=\dimen158
\TX@old@col=\dimen159
\TX@target=\dimen160
\TX@delta=\dimen161
\TX@cols=\count137
\TX@ftn=\toks32
)
(/usr/local/texlive/2013/texmf-dist/tex/latex/base/latexsym.sty
Package: latexsym 1998/08/17 v2.2e Standard LaTeX package (lasy symbols)
\symlasy=\mathgroup6
LaTeX Font Info:    Overwriting symbol font `lasy' in version `bold'
(Font)                  U/lasy/m/n --> U/lasy/b/n on input line 47.
)
(/usr/local/texlive/2013/texmf-dist/tex/latex/graphics/lscape.sty
Package: lscape 2000/10/22 v3.01 Landscape Pages (DPC)
)
(/usr/local/texlive/2013/texmf-dist/tex/latex/algorithms/algorithm.sty
Package: algorithm 2009/08/24 v0.1 Document Style `algorithm' - floating enviro
nment

(/usr/local/texlive/2013/texmf-dist/tex/latex/float/float.sty
Package: float 2001/11/08 v1.3d Float enhancements (AL)
\c@float@type=\count138
\float@exts=\toks33
\float@box=\box55
\@float@everytoks=\toks34
\@floatcapt=\box56
)
(/usr/local/texlive/2013/texmf-dist/tex/latex/base/ifthen.sty
Package: ifthen 2001/05/26 v1.1c Standard LaTeX ifthen package (DPC)
)
\@float@every@algorithm=\toks35
\c@algorithm=\count139
)
(/usr/local/texlive/2013/texmf-dist/tex/latex/algorithms/algorithmic.sty
Package: algorithmic 2009/08/24 v0.1 Document Style `algorithmic'
\c@ALC@unique=\count140
\c@ALC@line=\count141
\c@ALC@rem=\count142
\c@ALC@depth=\count143
\ALC@tlm=\skip71
\algorithmicindent=\skip72
)
(/usr/local/texlive/2013/texmf-dist/tex/latex/tools/enumerate.sty
Package: enumerate 1999/03/05 v3.00 enumerate extensions (DPC)
\@enLab=\toks36
)
(/usr/local/texlive/2013/texmf-dist/tex/latex/enumitem/enumitem.sty
Package: enumitem 2011/09/28 v3.5.2 Customized lists
\labelindent=\skip73
\enit@outerparindent=\dimen162
\enit@toks=\toks37
\enit@inbox=\box57
\enitdp@description=\count144
)
(/usr/local/texlive/2013/texmf-dist/tex/latex/caption/subcaption.sty
Package: subcaption 2013/02/03 v1.1-62 Sub-captions (AR)
\c@subfigure=\count145
\c@subtable=\count146
)
(/usr/local/texlive/2013/texmf-dist/tex/latex/psnfss/pifont.sty
Package: pifont 2005/04/12 PSNFSS-v9.2a Pi font support (SPQR) 
LaTeX Font Info:    Try loading font information for U+pzd on input line 63.

(/usr/local/texlive/2013/texmf-dist/tex/latex/psnfss/upzd.fd
File: upzd.fd 2001/06/04 font definitions for U/pzd.
)
LaTeX Font Info:    Try loading font information for U+psy on input line 64.

(/usr/local/texlive/2013/texmf-dist/tex/latex/psnfss/upsy.fd
File: upsy.fd 2001/06/04 font definitions for U/psy.
))
(/usr/local/texlive/2013/texmf-dist/tex/latex/multirow/multirow.sty
\bigstrutjot=\dimen163
)
(/usr/local/texlive/2013/texmf-dist/tex/latex/xcolor/xcolor.sty
Package: xcolor 2007/01/21 v2.11 LaTeX color extensions (UK)

(/usr/local/texlive/2013/texmf-dist/tex/latex/latexconfig/color.cfg
File: color.cfg 2007/01/18 v1.5 color configuration of teTeX/TeXLive
)
Package xcolor Info: Package option `usenames' ignored on input line 216.
Package xcolor Info: Driver file: pdftex.def on input line 225.
Package xcolor Info: Model `cmy' substituted by `cmy0' on input line 1337.
Package xcolor Info: Model `hsb' substituted by `rgb' on input line 1341.
Package xcolor Info: Model `RGB' extended on input line 1353.
Package xcolor Info: Model `HTML' substituted by `rgb' on input line 1355.
Package xcolor Info: Model `Hsb' substituted by `hsb' on input line 1356.
Package xcolor Info: Model `tHsb' substituted by `hsb' on input line 1357.
Package xcolor Info: Model `HSB' substituted by `hsb' on input line 1358.
Package xcolor Info: Model `Gray' substituted by `gray' on input line 1359.
Package xcolor Info: Model `wave' substituted by `hsb' on input line 1360.

(/usr/local/texlive/2013/texmf-dist/tex/latex/graphics/dvipsnam.def
File: dvipsnam.def 1999/02/16 v3.0i Driver-dependant file (DPC,SPQR)
))
(./survey_OSinCTRL.aux

LaTeX Warning: Label `App:Opt_Cond_Pr' multiply defined.

)
\openout1 = `survey_OSinCTRL.aux'.

LaTeX Font Info:    Checking defaults for OML/cmm/m/it on input line 74.
LaTeX Font Info:    ... okay on input line 74.
LaTeX Font Info:    Checking defaults for T1/cmr/m/n on input line 74.
LaTeX Font Info:    ... okay on input line 74.
LaTeX Font Info:    Checking defaults for OT1/cmr/m/n on input line 74.
LaTeX Font Info:    ... okay on input line 74.
LaTeX Font Info:    Checking defaults for OMS/cmsy/m/n on input line 74.
LaTeX Font Info:    ... okay on input line 74.
LaTeX Font Info:    Checking defaults for OMX/cmex/m/n on input line 74.
LaTeX Font Info:    ... okay on input line 74.
LaTeX Font Info:    Checking defaults for U/cmr/m/n on input line 74.
LaTeX Font Info:    ... okay on input line 74.
LaTeX Font Info:    Checking defaults for PD1/pdf/m/n on input line 74.
LaTeX Font Info:    ... okay on input line 74.
LaTeX Font Info:    Try loading font information for T1+lmr on input line 74.
 (/usr/local/texlive/2013/texmf-dist/tex/latex/lm/t1lmr.fd
File: t1lmr.fd 2009/10/30 v1.6 Font defs for Latin Modern
)
Package caption Info: Begin \AtBeginDocument code.
Package caption Info: float package is loaded.
Package caption Info: hyperref package is loaded.
Package caption Info: End \AtBeginDocument code.
Package lastpage Info: Please have a look at the pageslts package at
(lastpage)             http://www.ctan.org/tex-archive/ 
(lastpage)             macros/latex/contrib/pageslts/ 
(lastpage)             or
(lastpage)             http://www.ctan.org/tex-archive/ 
(lastpage)             install/macros/latex/contrib/pageslts.tds.zip
(lastpage)             ! on input line 74.

(/usr/local/texlive/2013/texmf-dist/tex/context/base/supp-pdf.mkii
[Loading MPS to PDF converter (version 2006.09.02).]
\scratchcounter=\count147
\scratchdimen=\dimen164
\scratchbox=\box58
\nofMPsegments=\count148
\nofMParguments=\count149
\everyMPshowfont=\toks38
\MPscratchCnt=\count150
\MPscratchDim=\dimen165
\MPnumerator=\count151
\makeMPintoPDFobject=\count152
\everyMPtoPDFconversion=\toks39
) (/usr/local/texlive/2013/texmf-dist/tex/latex/oberdiek/epstopdf-base.sty
Package: epstopdf-base 2010/02/09 v2.5 Base part for package epstopdf

(/usr/local/texlive/2013/texmf-dist/tex/latex/oberdiek/grfext.sty
Package: grfext 2010/08/19 v1.1 Manage graphics extensions (HO)
)
Package grfext Info: Graphics extension search list:
(grfext)             [.png,.pdf,.jpg,.mps,.jpeg,.jbig2,.jb2,.PNG,.PDF,.JPG,.JPE
G,.JBIG2,.JB2,.eps]
(grfext)             \AppendGraphicsExtensions on input line 452.

(/usr/local/texlive/2013/texmf-dist/tex/latex/latexconfig/epstopdf-sys.cfg
File: epstopdf-sys.cfg 2010/07/13 v1.3 Configuration of (r)epstopdf for TeX Liv
e
))
*geometry* detected driver: dvips
*geometry* verbose mode - [ preamble ] result:
* driver: dvips
* paper: custom
* layout: <same size as paper>
* layoutoffset:(h,v)=(0.0pt,0.0pt)
* hratio: 1:1
* vratio: 1:1
* modes: twoside 
* h-part:(L,W,R)=(139.4185pt, 335.74251pt, 139.4185pt)
* v-part:(T,H,B)=(140.84114pt, 512.1496pt, 140.84114pt)
* \paperwidth=614.57951pt
* \paperheight=793.83188pt
* \textwidth=335.74251pt
* \textheight=512.1496pt
* \oddsidemargin=67.14851pt
* \evensidemargin=67.14851pt
* \topmargin=36.69736pt
* \headheight=12.0pt
* \headsep=19.8738pt
* \topskip=11.0pt
* \footskip=27.46295pt
* \marginparwidth=116.0pt
* \marginparsep=7.0pt
* \columnsep=10.0pt
* \skip\footins=10.0pt plus 4.0pt minus 2.0pt
* \hoffset=5.0pt
* \voffset=31.5pt
* \mag=1000
* \@twocolumnfalse
* \@twosidetrue
* \@mparswitchtrue
* \@reversemarginfalse
* (1in=72.27pt=25.4mm, 1cm=28.453pt)

\AtBeginShipoutBox=\box59
Package hyperref Info: Link coloring OFF on input line 74.
(/usr/local/texlive/2013/texmf-dist/tex/latex/hyperref/nameref.sty
Package: nameref 2012/10/27 v2.43 Cross-referencing by name of section

(/usr/local/texlive/2013/texmf-dist/tex/generic/oberdiek/gettitlestring.sty
Package: gettitlestring 2010/12/03 v1.4 Cleanup title references (HO)
)
\c@section@level=\count153
)
LaTeX Info: Redefining \ref on input line 74.
LaTeX Info: Redefining \pageref on input line 74.
LaTeX Info: Redefining \nameref on input line 74.

(./survey_OSinCTRL.out) (./survey_OSinCTRL.out)
\@outlinefile=\write3
\openout3 = `survey_OSinCTRL.out'.

LaTeX Font Info:    Try loading font information for OT1+lmr on input line 79.

(/usr/local/texlive/2013/texmf-dist/tex/latex/lm/ot1lmr.fd
File: ot1lmr.fd 2009/10/30 v1.6 Font defs for Latin Modern
)
LaTeX Font Info:    Try loading font information for OML+lmm on input line 79.

(/usr/local/texlive/2013/texmf-dist/tex/latex/lm/omllmm.fd
File: omllmm.fd 2009/10/30 v1.6 Font defs for Latin Modern
)
LaTeX Font Info:    Try loading font information for OMS+lmsy on input line 79.


(/usr/local/texlive/2013/texmf-dist/tex/latex/lm/omslmsy.fd
File: omslmsy.fd 2009/10/30 v1.6 Font defs for Latin Modern
)
LaTeX Font Info:    Try loading font information for OMX+lmex on input line 79.


(/usr/local/texlive/2013/texmf-dist/tex/latex/lm/omxlmex.fd
File: omxlmex.fd 2009/10/30 v1.6 Font defs for Latin Modern
)
LaTeX Font Info:    External font `lmex10' loaded for size
(Font)              <8> on input line 79.
LaTeX Font Info:    External font `lmex10' loaded for size
(Font)              <6> on input line 79.
LaTeX Font Info:    External font `lmex10' loaded for size
(Font)              <5> on input line 79.
LaTeX Font Info:    Try loading font information for U+msa on input line 79.

(/usr/local/texlive/2013/texmf-dist/tex/latex/amsfonts/umsa.fd
File: umsa.fd 2013/01/14 v3.01 AMS symbols A
)
LaTeX Font Info:    Try loading font information for U+msb on input line 79.

(/usr/local/texlive/2013/texmf-dist/tex/latex/amsfonts/umsb.fd
File: umsb.fd 2013/01/14 v3.01 AMS symbols B
)
LaTeX Font Info:    Try loading font information for U+lasy on input line 79.

(/usr/local/texlive/2013/texmf-dist/tex/latex/base/ulasy.fd
File: ulasy.fd 1998/08/17 v2.2e LaTeX symbol font definitions
)
LaTeX Font Info:    Try loading font information for OMS+lmr on input line 79.

(/usr/local/texlive/2013/texmf-dist/tex/latex/lm/omslmr.fd
File: omslmr.fd 2009/10/30 v1.6 Font defs for Latin Modern
)
LaTeX Font Info:    Font shape `OMS/lmr/m/n' in size <6> not available
(Font)              Font shape `OMS/lmsy/m/n' tried instead on input line 79.
LaTeX Font Info:    Font shape `OMS/lmr/m/n' in size <8> not available
(Font)              Font shape `OMS/lmsy/m/n' tried instead on input line 79.

<now_logo.pdf, id=113, 105.39375pt x 33.12375pt>
File: now_logo.pdf Graphic file (type pdf)
 <use now_logo.pdf>
Package pdftex.def Info: now_logo.pdf used on input line 79.
(pdftex.def)             Requested size: 53.19875pt x 16.72002pt.

<essence_logo.pdf, id=114, 162.6075pt x 16.06pt>
File: essence_logo.pdf Graphic file (type pdf)
 <use essence_logo.pdf>
Package pdftex.def Info: essence_logo.pdf used on input line 79.
(pdftex.def)             Requested size: 81.30374pt x 8.03021pt.
LaTeX Font Info:    Try loading font information for T1+lmss on input line 79.

(/usr/local/texlive/2013/texmf-dist/tex/latex/lm/t1lmss.fd
File: t1lmss.fd 2009/10/30 v1.6 Font defs for Latin Modern
)
LaTeX Font Info:    External font `lmex10' loaded for size
(Font)              <10.95> on input line 79.
 [1
Non-PDF special ignored!



{/usr/local/texlive/2013/texmf-var/fonts/map/pdftex/updmap/pdftex.map} <./now_l
ogo.pdf> <./essence_logo.pdf>]
Underfull \vbox (badness 10000) detected at line 79
 []

(./survey_OSinCTRL.toc
Underfull \vbox (badness 2150) has occurred while \output is active []

 [2

])
\tf@toc=\write4
\openout4 = `survey_OSinCTRL.toc'.



Package Fancyhdr Warning: \headheight is too small (12.0pt): 
 Make it at least 14.39998pt.
 We now make it that large for the rest of the document.
 This may cause the page layout to be inconsistent, however.

[3]
LaTeX Font Info:    External font `lmex10' loaded for size
(Font)              <9> on input line 83.
 [1

]
Chapter 1.

Overfull \vbox (23.08354pt too high) detected at line 99
 []


Underfull \hbox (badness 1112) in paragraph at lines 101--102
\T1/lmr/m/it/10.95 meth-ods \T1/lmr/m/n/10.95 (FORCES [[]], CVX-GEN [[]]) and \
T1/lmr/m/it/10.95 ac-tive set meth-ods
 []


Underfull \hbox (badness 10000) in paragraph at lines 101--102

 []

[2

]

Package Fancyhdr Warning: \headheight is too small (12.0pt): 
 Make it at least 14.39998pt.
 We now make it that large for the rest of the document.
 This may cause the page layout to be inconsistent, however.

[3]

Package Fancyhdr Warning: \headheight is too small (12.0pt): 
 Make it at least 14.39998pt.
 We now make it that large for the rest of the document.
 This may cause the page layout to be inconsistent, however.

[4]
Underfull \hbox (badness 10000) in paragraph at lines 136--137

 []


Package Fancyhdr Warning: \headheight is too small (12.0pt): 
 Make it at least 14.39998pt.
 We now make it that large for the rest of the document.
 This may cause the page layout to be inconsistent, however.

[5]

Package Fancyhdr Warning: \headheight is too small (12.0pt): 
 Make it at least 14.39998pt.
 We now make it that large for the rest of the document.
 This may cause the page layout to be inconsistent, however.

[6]
Chapter 2.

Overfull \vbox (23.08354pt too high) detected at line 149
 []


Underfull \hbox (badness 10000) in paragraph at lines 164--165

 []

[7

]
Underfull \hbox (badness 10000) in paragraph at lines 184--186

 []


Package Fancyhdr Warning: \headheight is too small (12.0pt): 
 Make it at least 14.39998pt.
 We now make it that large for the rest of the document.
 This may cause the page layout to be inconsistent, however.

[8pdfTeX warning (ext4): destination with the same identifier (name{equation.2.
0.1}) has been already used, duplicate ignored

\AtBegShi@Output ...ipout \box \AtBeginShipoutBox 
                                                  \fi \fi 
l.199 \begin{myas}\label
                        {as:basic}]pdfTeX warning (ext4): destination with the 
same identifier (name{equation.2.1.2}) has been already used, duplicate ignored

<to be read again> 
                   \relax 
l.213 \begin{equation}
                      pdfTeX warning (ext4): destination with the same identifi
er (name{equation.2.1.2}) has been already used, duplicate ignored
<to be read again> 
                   \relax 
l.218 \begin{equation}
                      
Underfull \hbox (badness 4378) in paragraph at lines 216--218
\T1/lmr/m/n/10.95 where $\OML/lmm/m/it/10.95 g[]\OT1/lmr/m/n/10.95 (\OML/lmm/m/
it/10.95 ^^U\OT1/lmr/m/n/10.95 ) = [] \OML/lmm/m/it/10.95 g[]\OT1/lmr/m/n/10.95
 (\OML/lmm/m/it/10.95 ^^U[]\OT1/lmr/m/n/10.95 )$ \T1/lmr/m/n/10.95 and $\OML/lm
m/m/it/10.95 f[]$ \T1/lmr/m/n/10.95 is the con-ju-gate of the
 []


Underfull \hbox (badness 6204) in paragraph at lines 216--218
\T1/lmr/m/n/10.95 sum of the two func-tions, given by $\OT1/lmr/m/n/10.95 (\OML
/lmm/m/it/10.95 h \OT1/lmr/m/n/10.95 + \OML/lmm/m/it/10.95 ^^N[]\OT1/lmr/m/n/10
.95 )[](\OMS/lmsy/m/n/10.95 ^^@\OML/lmm/m/it/10.95 L[]^^U\OT1/lmr/m/n/10.95 ) =

 []


Package Fancyhdr Warning: \headheight is too small (12.0pt): 
 Make it at least 14.39998pt.
 We now make it that large for the rest of the document.
 This may cause the page layout to be inconsistent, however.

[9]
Overfull \hbox (4.18462pt too wide) in paragraph at lines 254--254
[] 
 []


Package Fancyhdr Warning: \headheight is too small (12.0pt): 
 Make it at least 14.39998pt.
 We now make it that large for the rest of the document.
 This may cause the page layout to be inconsistent, however.

[10]
Package hyperref Info: bookmark level for unknown algorithm defaults to 0 on in
put line 272.


Package Fancyhdr Warning: \headheight is too small (12.0pt): 
 Make it at least 14.39998pt.
 We now make it that large for the rest of the document.
 This may cause the page layout to be inconsistent, however.

[11]

Package Fancyhdr Warning: \headheight is too small (12.0pt): 
 Make it at least 14.39998pt.
 We now make it that large for the rest of the document.
 This may cause the page layout to be inconsistent, however.

[12]

Package Fancyhdr Warning: \headheight is too small (12.0pt): 
 Make it at least 14.39998pt.
 We now make it that large for the rest of the document.
 This may cause the page layout to be inconsistent, however.

[13]

Package Fancyhdr Warning: \headheight is too small (12.0pt): 
 Make it at least 14.39998pt.
 We now make it that large for the rest of the document.
 This may cause the page layout to be inconsistent, however.

[14]pdfTeX warning (ext4): destination with the same identifier (name{equation.
2.3.5}) has been already used, duplicate ignored
<to be read again> 
                   \relax 
l.326 \begin{equation}
                      

Package Fancyhdr Warning: \headheight is too small (12.0pt): 
 Make it at least 14.39998pt.
 We now make it that large for the rest of the document.
 This may cause the page layout to be inconsistent, however.

[15]

Package Fancyhdr Warning: \headheight is too small (12.0pt): 
 Make it at least 14.39998pt.
 We now make it that large for the rest of the document.
 This may cause the page layout to be inconsistent, however.

[16]

Package Fancyhdr Warning: \headheight is too small (12.0pt): 
 Make it at least 14.39998pt.
 We now make it that large for the rest of the document.
 This may cause the page layout to be inconsistent, however.

[17]
Chapter 3.

Overfull \vbox (23.08354pt too high) detected at line 680
 []

[18

]

Package Fancyhdr Warning: \headheight is too small (12.0pt): 
 Make it at least 14.39998pt.
 We now make it that large for the rest of the document.
 This may cause the page layout to be inconsistent, however.

[19]
Underfull \vbox (badness 2269) has occurred while \output is active []



Package Fancyhdr Warning: \headheight is too small (12.0pt): 
 Make it at least 14.39998pt.
 We now make it that large for the rest of the document.
 This may cause the page layout to be inconsistent, however.

[20]

Package Fancyhdr Warning: \headheight is too small (12.0pt): 
 Make it at least 14.39998pt.
 We now make it that large for the rest of the document.
 This may cause the page layout to be inconsistent, however.

[21]
Underfull \hbox (badness 2680) in paragraph at lines 762--762
[]\T1/lmr/bx/n/10.95 Algorithm 5 \T1/lmr/m/n/10.95 Fast al-ter-nat-ing di-rec-t
ion method of mul-ti-plier
 []


Underfull \hbox (badness 10000) in paragraph at lines 785--789

 []


Package Fancyhdr Warning: \headheight is too small (12.0pt): 
 Make it at least 14.39998pt.
 We now make it that large for the rest of the document.
 This may cause the page layout to be inconsistent, however.

[22]

Package Fancyhdr Warning: \headheight is too small (12.0pt): 
 Make it at least 14.39998pt.
 We now make it that large for the rest of the document.
 This may cause the page layout to be inconsistent, however.

[23]
Underfull \hbox (badness 10000) in paragraph at lines 807--809

 []


Package Fancyhdr Warning: \headheight is too small (12.0pt): 
 Make it at least 14.39998pt.
 We now make it that large for the rest of the document.
 This may cause the page layout to be inconsistent, however.

[24]
Underfull \hbox (badness 10000) in paragraph at lines 840--843
[] []\T1/lmr/m/n/10.95 Initialize $\OML/lmm/m/it/10.95 ^^U[] \OMS/lmsy/m/n/10.9
5 2 \U/msb/m/n/10.95 R[]$\T1/lmr/m/n/10.95 , $\OML/lmm/m/it/10.95 z[] \OMS/lmsy
/m/n/10.95 2 \U/msb/m/n/10.95 R[]$\T1/lmr/m/n/10.95 , $\OML/lmm/m/it/10.95 y[] 
\OMS/lmsy/m/n/10.95 2 \U/msb/m/n/10.95 R[]$\T1/lmr/m/n/10.95 .
 []


Underfull \hbox (badness 4378) in paragraph at lines 840--843
\T1/lmr/m/n/10.95 Choose step-sizes [] such that $\OML/lmm/m/it/10.95 ^^\ < \OT
1/lmr/m/n/10.95 2\OML/lmm/m/it/10.95 ^^[[]=L[]$
 []


Underfull \hbox (badness 10000) in paragraph at lines 840--843
[] \T1/lmr/m/n/10.95 and
 []


Package Fancyhdr Warning: \headheight is too small (12.0pt): 
 Make it at least 14.39998pt.
 We now make it that large for the rest of the document.
 This may cause the page layout to be inconsistent, however.

[25]

Package Fancyhdr Warning: \headheight is too small (12.0pt): 
 Make it at least 14.39998pt.
 We now make it that large for the rest of the document.
 This may cause the page layout to be inconsistent, however.

[26]
Underfull \vbox (badness 1325) has occurred while \output is active []



Package Fancyhdr Warning: \headheight is too small (12.0pt): 
 Make it at least 14.39998pt.
 We now make it that large for the rest of the document.
 This may cause the page layout to be inconsistent, however.

[27]
Underfull \hbox (badness 10000) in paragraph at lines 886--886
[]|\T1/lmr/m/n/10.95 Stepsize
 []


Underfull \hbox (badness 10000) in paragraph at lines 886--886
\T1/lmr/m/n/10.95 re-stric-
 []


Underfull \hbox (badness 10000) in paragraph at lines 886--886
[]|\T1/lmr/m/n/10.95 Strong
 []


Underfull \hbox (badness 10000) in paragraph at lines 886--886
\T1/lmr/m/n/10.95 con-vex-
 []


Underfull \hbox (badness 10000) in paragraph at lines 886--886
[]|\T1/lmr/m/n/10.95 Decouples
 []


Underfull \hbox (badness 10000) in paragraph at lines 886--886
\T1/lmr/m/n/10.95 vari-ables
 []


Underfull \hbox (badness 10000) in paragraph at lines 886--886
\T1/lmr/m/n/10.95 of lin-ear
 []


Underfull \hbox (badness 5490) in paragraph at lines 886--886
[]|\T1/lmr/m/n/10.95 Convergence in
 []


Underfull \hbox (badness 5490) in paragraph at lines 886--886
[]|\T1/lmr/m/n/10.95 Convergence in
 []


Underfull \hbox (badness 6792) in paragraph at lines 887--887
[]|\T1/lmr/m/n/10.95 ergodic $\OML/lmm/m/it/10.95 O\OT1/lmr/m/n/10.95 (1\OML/lm
m/m/it/10.95 =k\OT1/lmr/m/n/10.95 )$
 []


Underfull \hbox (badness 10000) in paragraph at lines 887--887
[]|$\OML/lmm/m/it/10.95 O\OT1/lmr/m/n/10.95 (1\OML/lmm/m/it/10.95 =[]\OT1/lmr/m
/n/10.95 )$ \T1/lmr/m/n/10.95 [[]],
 []


Underfull \hbox (badness 6792) in paragraph at lines 889--889
[]|\T1/lmr/m/n/10.95 ergodic $\OML/lmm/m/it/10.95 O\OT1/lmr/m/n/10.95 (1\OML/lm
m/m/it/10.95 =k\OT1/lmr/m/n/10.95 )$
 []


Underfull \hbox (badness 10000) in paragraph at lines 889--889
\T1/lmr/m/n/10.95 in par-tial
 []


Underfull \hbox (badness 10000) in paragraph at lines 889--889
\T1/lmr/m/n/10.95 primal-dual
 []


Underfull \hbox (badness 2253) in paragraph at lines 889--889
\T1/lmr/m/n/10.95 gap [[], The-o-
 []


Underfull \hbox (badness 2608) in paragraph at lines 890--890
\T1/lmr/m/n/10.95 dual un-der as-
 []


Underfull \hbox (badness 3068) in paragraph at lines 891--891
[]|$\OML/lmm/m/it/10.95 O\OT1/lmr/m/n/10.95 (1\OML/lmm/m/it/10.95 =k\OT1/lmr/m/
n/10.95 )$ \T1/lmr/m/n/10.95 on the
 []


Underfull \hbox (badness 10000) in paragraph at lines 892--892
[]|\T1/lmr/m/n/10.95 local $\OML/lmm/m/it/10.95 O\OT1/lmr/m/n/10.95 (1\OML/lmm/
m/it/10.95 =k\OT1/lmr/m/n/10.95 )$
 []


Underfull \hbox (badness 6316) in paragraph at lines 892--892
\T1/lmr/m/n/10.95 on the pri-mal
 []


Underfull \hbox (badness 10000) in paragraph at lines 892--892
\T1/lmr/m/n/10.95 global in [[],
 []


Overfull \hbox (85.64119pt too wide) in paragraph at lines 884--894
 [][] 
 []


Package Fancyhdr Warning: \headheight is too small (12.0pt): 
 Make it at least 14.39998pt.
 We now make it that large for the rest of the document.
 This may cause the page layout to be inconsistent, however.

[28]

Package Fancyhdr Warning: \headheight is too small (12.0pt): 
 Make it at least 14.39998pt.
 We now make it that large for the rest of the document.
 This may cause the page layout to be inconsistent, however.

[29]
Chapter 4.

Overfull \vbox (23.08354pt too high) detected at line 901
 []


Underfull \vbox (badness 1052) has occurred while \output is active []

 [30

]

Package Fancyhdr Warning: \headheight is too small (12.0pt): 
 Make it at least 14.39998pt.
 We now make it that large for the rest of the document.
 This may cause the page layout to be inconsistent, however.

[31]
Underfull \vbox (badness 1142) has occurred while \output is active []



Package Fancyhdr Warning: \headheight is too small (12.0pt): 
 Make it at least 14.39998pt.
 We now make it that large for the rest of the document.
 This may cause the page layout to be inconsistent, however.

[32]

Package Fancyhdr Warning: \headheight is too small (12.0pt): 
 Make it at least 14.39998pt.
 We now make it that large for the rest of the document.
 This may cause the page layout to be inconsistent, however.

[33]
Underfull \vbox (badness 2020) has occurred while \output is active []



Package Fancyhdr Warning: \headheight is too small (12.0pt): 
 Make it at least 14.39998pt.
 We now make it that large for the rest of the document.
 This may cause the page layout to be inconsistent, however.

[34]
Underfull \hbox (badness 10000) in paragraph at lines 991--992

 []


Package Fancyhdr Warning: \headheight is too small (12.0pt): 
 Make it at least 14.39998pt.
 We now make it that large for the rest of the document.
 This may cause the page layout to be inconsistent, however.

[35]pdfTeX warning (ext4): destination with the same identifier (name{equation.
4.2.4}) has been already used, duplicate ignored
<to be read again> 
                   \relax 
l.1020   \begin{equation}
                         {\label{eq::genProx}}

Package Fancyhdr Warning: \headheight is too small (12.0pt): 
 Make it at least 14.39998pt.
 We now make it that large for the rest of the document.
 This may cause the page layout to be inconsistent, however.

[36]

Package Fancyhdr Warning: \headheight is too small (12.0pt): 
 Make it at least 14.39998pt.
 We now make it that large for the rest of the document.
 This may cause the page layout to be inconsistent, however.

[37]
Underfull \vbox (badness 10000) has occurred while \output is active []



Package Fancyhdr Warning: \headheight is too small (12.0pt): 
 Make it at least 14.39998pt.
 We now make it that large for the rest of the document.
 This may cause the page layout to be inconsistent, however.

[38]
Underfull \hbox (badness 10000) in paragraph at lines 1058--1060
[] [][] \T1/lmr/m/n/10.95 Choose $\OML/lmm/m/it/10.95 T; P$ \T1/lmr/m/n/10.95 s
uch that
 []


Package Fancyhdr Warning: \headheight is too small (12.0pt): 
 Make it at least 14.39998pt.
 We now make it that large for the rest of the document.
 This may cause the page layout to be inconsistent, however.

[39]

Package Fancyhdr Warning: \headheight is too small (12.0pt): 
 Make it at least 14.39998pt.
 We now make it that large for the rest of the document.
 This may cause the page layout to be inconsistent, however.

[40]
Overfull \hbox (61.06665pt too wide) in paragraph at lines 1113--1114
 [] 
 []


Package Fancyhdr Warning: \headheight is too small (12.0pt): 
 Make it at least 14.39998pt.
 We now make it that large for the rest of the document.
 This may cause the page layout to be inconsistent, however.

[41]

Package Fancyhdr Warning: \headheight is too small (12.0pt): 
 Make it at least 14.39998pt.
 We now make it that large for the rest of the document.
 This may cause the page layout to be inconsistent, however.

[42]
Chapter 5.

Overfull \vbox (23.08354pt too high) detected at line 1123
 []

[43

]
Chapter 6.

Overfull \vbox (23.08354pt too high) detected at line 1128
 []


LaTeX Warning: Reference `ch:acceleration_speedup' on page 44 undefined on inpu
t line 1129.


Underfull \vbox (badness 1052) has occurred while \output is active []

 [44

]
Underfull \hbox (badness 10000) in paragraph at lines 1150--1153

 []


Underfull \hbox (badness 2617) in paragraph at lines 1154--1155
[]\T1/lmr/m/n/10.95 As a sec-ond op-tion, we use ADMM with the pa-ram-e-ters
 []


Underfull \hbox (badness 10000) in paragraph at lines 1154--1155

 []


Package Fancyhdr Warning: \headheight is too small (12.0pt): 
 Make it at least 14.39998pt.
 We now make it that large for the rest of the document.
 This may cause the page layout to be inconsistent, however.

[45]

LaTeX Warning: Reference `rem:termination' on page 46 undefined on input line 1
164.


Underfull \hbox (badness 10000) in paragraph at lines 1179--1179
[]|\T1/lmr/m/n/10.95 1362
 []


Underfull \hbox (badness 10000) in paragraph at lines 1179--1179
[]|\T1/lmr/m/n/10.95 2279
 []


Overfull \hbox (1.1208pt too wide) in paragraph at lines 1179--1179
[]|\T1/lmr/m/n/10.95 1544\825| 
 []


Underfull \hbox (badness 10000) in paragraph at lines 1180--1180
[]|\T1/lmr/m/n/10.95 Min.\Max.
 []


Underfull \hbox (badness 10000) in paragraph at lines 1180--1180
\T1/lmr/m/n/10.95 No. Iters.
 []


Overfull \hbox (12.67908pt too wide) in paragraph at lines 1181--1181
[]|\T1/lmr/m/n/10.95 46.90\19.82| 
 []


Underfull \hbox (badness 10000) in paragraph at lines 1181--1181
[]|\T1/lmr/m/n/10.95 42.74
 []


Underfull \hbox (badness 10000) in paragraph at lines 1181--1181
[]|\T1/lmr/m/n/10.95 75.16
 []


Underfull \hbox (badness 10000) in paragraph at lines 1182--1182
[]|$\OT1/lmr/m/n/10.95 1\OML/lmm/m/it/10.95 :\OT1/lmr/m/n/10.95 61 \OMS/lmsy/m/
n/10.95 ^^B
 []


Underfull \hbox (badness 10000) in paragraph at lines 1182--1182
[]|$\OT1/lmr/m/n/10.95 1\OML/lmm/m/it/10.95 :\OT1/lmr/m/n/10.95 62 \OMS/lmsy/m/
n/10.95 ^^B
 []


Underfull \hbox (badness 10000) in paragraph at lines 1182--1182
[]|$\OT1/lmr/m/n/10.95 1\OML/lmm/m/it/10.95 :\OT1/lmr/m/n/10.95 61 \OMS/lmsy/m/
n/10.95 ^^B
 []


Overfull \hbox (6.5958pt too wide) in paragraph at lines 1183--1183
[]|\T1/lmr/m/n/10.95 2999\1150| 
 []


Overfull \hbox (6.5958pt too wide) in paragraph at lines 1183--1183
[]|\T1/lmr/m/n/10.95 1721\1053| 
 []


Underfull \hbox (badness 10000) in paragraph at lines 1184--1184
[]|\T1/lmr/m/n/10.95 Min.\Max.
 []


Underfull \hbox (badness 10000) in paragraph at lines 1184--1184
\T1/lmr/m/n/10.95 No. Iters.
 []


Overfull \hbox (1.1208pt too wide) in paragraph at lines 1184--1184
[]|\T1/lmr/m/n/10.95 171\1079| 
 []


Overfull \hbox (6.5958pt too wide) in paragraph at lines 1184--1184
[]|\T1/lmr/m/n/10.95 167\10093| 
 []


Underfull \hbox (badness 10000) in paragraph at lines 1185--1185
[]|\T1/lmr/m/n/10.95 274.54
 []


Underfull \hbox (badness 10000) in paragraph at lines 1185--1185
[]|\T1/lmr/m/n/10.95 430.25
 []


Underfull \hbox (badness 10000) in paragraph at lines 1186--1186
[]|$\OT1/lmr/m/n/10.95 4\OML/lmm/m/it/10.95 :\OT1/lmr/m/n/10.95 7 \OMS/lmsy/m/n
/10.95 ^^B
 []


Underfull \hbox (badness 10000) in paragraph at lines 1186--1186
[]|$\OT1/lmr/m/n/10.95 4\OML/lmm/m/it/10.95 :\OT1/lmr/m/n/10.95 6 \OMS/lmsy/m/n
/10.95 ^^B
 []


Underfull \hbox (badness 10000) in paragraph at lines 1186--1186
[]|$\OT1/lmr/m/n/10.95 4\OML/lmm/m/it/10.95 :\OT1/lmr/m/n/10.95 6 \OMS/lmsy/m/n
/10.95 ^^B
 []


Underfull \hbox (badness 1005) in paragraph at lines 1195--1196
\T1/lmr/m/n/10.95 tonomous space-craft lands on the sur-face of a planet by us-
ing
 []


Underfull \hbox (badness 10000) in paragraph at lines 1195--1196

 []


Package Fancyhdr Warning: \headheight is too small (12.0pt): 
 Make it at least 14.39998pt.
 We now make it that large for the rest of the document.
 This may cause the page layout to be inconsistent, however.

[46]
Underfull \vbox (badness 2409) has occurred while \output is active []



Package Fancyhdr Warning: \headheight is too small (12.0pt): 
 Make it at least 14.39998pt.
 We now make it that large for the rest of the document.
 This may cause the page layout to be inconsistent, however.

[47]
Underfull \hbox (badness 10000) in paragraph at lines 1218--1220

 []


Underfull \hbox (badness 10000) in paragraph at lines 1224--1227

 []


Package Fancyhdr Warning: \headheight is too small (12.0pt): 
 Make it at least 14.39998pt.
 We now make it that large for the rest of the document.
 This may cause the page layout to be inconsistent, however.

[48]
LaTeX Font Info:    Font shape `U/lasy/b/n' in size <8> not available
(Font)              Font shape `U/lasy/m/n' tried instead on input line 1235.
LaTeX Font Info:    Font shape `U/lasy/b/n' in size <6> not available
(Font)              Font shape `U/lasy/m/n' tried instead on input line 1235.

Overfull \hbox (15.07016pt too wide) detected at line 1248
[] \OT1/lmr/m/n/10.95 = [] \OML/lmm/m/it/10.95 ;  [] \OT1/lmr/m/n/10.95 = [] \O
ML/lmm/m/it/10.95 ;
 []


Underfull \hbox (badness 10000) in paragraph at lines 1248--1251

 []


Overfull \hbox (4.82562pt too wide) in paragraph at lines 1252--1258
 [] 
 []


Package Fancyhdr Warning: \headheight is too small (12.0pt): 
 Make it at least 14.39998pt.
 We now make it that large for the rest of the document.
 This may cause the page layout to be inconsistent, however.

[49]
LaTeX Font Info:    Font shape `OMS/lmr/m/n' in size <10.95> not available
(Font)              Font shape `OMS/lmsy/m/n' tried instead on input line 1262.



Package Fancyhdr Warning: \headheight is too small (12.0pt): 
 Make it at least 14.39998pt.
 We now make it that large for the rest of the document.
 This may cause the page layout to be inconsistent, however.

[50]

LaTeX Warning: Reference `al:ad_back_PDHG' on page 51 undefined on input line 1
336.


LaTeX Warning: Reference `al:ad_back_PDHG' on page 51 undefined on input line 1
336.


Underfull \hbox (badness 10000) in paragraph at lines 1344--1344
[]|\T1/lmr/m/n/10.95 No.
 []


Underfull \hbox (badness 10000) in paragraph at lines 1345--1345
[]|\T1/lmr/m/n/10.95 Time
 []


Underfull \hbox (badness 10000) in paragraph at lines 1346--1346
[]|\T1/lmr/m/n/10.95 Relative
 []


Underfull \hbox (badness 10000) in paragraph at lines 1346--1346
[]|$\OT1/lmr/m/n/10.95 10\OML/lmm/m/it/10.95 :\OT1/lmr/m/n/10.95 70 \OMS/lmsy/m
/n/10.95 ^^B
 []


Underfull \hbox (badness 10000) in paragraph at lines 1346--1346
[]|$\OT1/lmr/m/n/10.95 35\OML/lmm/m/it/10.95 :\OT1/lmr/m/n/10.95 90 \OMS/lmsy/m
/n/10.95 ^^B
 []

<Figures/states.pdf, id=945, 614.295pt x 794.97pt>
File: Figures/states.pdf Graphic file (type pdf)
 <use Figures/states.pdf>
Package pdftex.def Info: Figures/states.pdf used on input line 1356.
(pdftex.def)             Requested size: 167.87125pt x 217.24065pt.
LaTeX Font Info:    External font `lmex10' loaded for size
(Font)              <10> on input line 1357.
LaTeX Font Info:    External font `lmex10' loaded for size
(Font)              <7> on input line 1357.

<Figures/inputs.pdf, id=946, 614.295pt x 794.97pt>
File: Figures/inputs.pdf Graphic file (type pdf)
 <use Figures/inputs.pdf>
Package pdftex.def Info: Figures/inputs.pdf used on input line 1363.
(pdftex.def)             Requested size: 167.87125pt x 217.24065pt.

Overfull \hbox (7.29999pt too wide) in paragraph at lines 1355--1369
 [][]  []  
 []


Package Fancyhdr Warning: \headheight is too small (12.0pt): 
 Make it at least 14.39998pt.
 We now make it that large for the rest of the document.
 This may cause the page layout to be inconsistent, however.

[51]

Package Fancyhdr Warning: \headheight is too small (12.0pt): 
 Make it at least 14.39998pt.
 We now make it that large for the rest of the document.
 This may cause the page layout to be inconsistent, however.

[52 <./Figures/states.pdf> <./Figures/inputs.pdf>]

Package Fancyhdr Warning: \headheight is too small (12.0pt): 
 Make it at least 14.39998pt.
 We now make it that large for the rest of the document.
 This may cause the page layout to be inconsistent, however.

[53]
Chapter 7.

Overfull \vbox (23.08354pt too high) detected at line 1397
 []

[54

]

Package Fancyhdr Warning: \headheight is too small (12.0pt): 
 Make it at least 14.39998pt.
 We now make it that large for the rest of the document.
 This may cause the page layout to be inconsistent, however.

[55]
Underfull \hbox (badness 10000) in paragraph at lines 1416--1417

 []

<Figures/FlowChartAMA.pdf, id=1009, 523.9575pt x 406.51875pt>
File: Figures/FlowChartAMA.pdf Graphic file (type pdf)

<use Figures/FlowChartAMA.pdf>
Package pdftex.def Info: Figures/FlowChartAMA.pdf used on input line 1420.
(pdftex.def)             Requested size: 392.96716pt x 304.8883pt.

<Figures/FlowChartPDA.pdf, id=1010, 496.85625pt x 510.90875pt>
File: Figures/FlowChartPDA.pdf Graphic file (type pdf)

<use Figures/FlowChartPDA.pdf>
Package pdftex.def Info: Figures/FlowChartPDA.pdf used on input line 1426.
(pdftex.def)             Requested size: 372.64127pt x 383.18062pt.

<Figures/FlowChartADMM.pdf, id=1011, 393.47pt x 514.92375pt>
File: Figures/FlowChartADMM.pdf Graphic file (type pdf)

<use Figures/FlowChartADMM.pdf>
Package pdftex.def Info: Figures/FlowChartADMM.pdf used on input line 1432.
(pdftex.def)             Requested size: 295.10176pt x 386.19186pt.


Package Fancyhdr Warning: \headheight is too small (12.0pt): 
 Make it at least 14.39998pt.
 We now make it that large for the rest of the document.
 This may cause the page layout to be inconsistent, however.

[56 <./Figures/FlowChartAMA.pdf>]

Package Fancyhdr Warning: \headheight is too small (12.0pt): 
 Make it at least 14.39998pt.
 We now make it that large for the rest of the document.
 This may cause the page layout to be inconsistent, however.

[57 <./Figures/FlowChartPDA.pdf>]

Package Fancyhdr Warning: \headheight is too small (12.0pt): 
 Make it at least 14.39998pt.
 We now make it that large for the rest of the document.
 This may cause the page layout to be inconsistent, however.

[58 <./Figures/FlowChartADMM.pdf>] [59

]
Appendix A.

Overfull \vbox (23.08354pt too high) detected at line 1442
 []

[60

]

Package Fancyhdr Warning: \headheight is too small (12.0pt): 
 Make it at least 14.39998pt.
 We now make it that large for the rest of the document.
 This may cause the page layout to be inconsistent, however.

[61]

Package Fancyhdr Warning: \headheight is too small (12.0pt): 
 Make it at least 14.39998pt.
 We now make it that large for the rest of the document.
 This may cause the page layout to be inconsistent, however.

[62]
Appendix B.

Overfull \vbox (42.08354pt too high) detected at line 1572
 []


Underfull \vbox (badness 10000) has occurred while \output is active []

 [63

]

Package Fancyhdr Warning: \headheight is too small (12.0pt): 
 Make it at least 14.39998pt.
 We now make it that large for the rest of the document.
 This may cause the page layout to be inconsistent, however.

[64]
Overfull \hbox (76.56076pt too wide) in paragraph at lines 1665--1665
[] 
 []


Package Fancyhdr Warning: \headheight is too small (12.0pt): 
 Make it at least 14.39998pt.
 We now make it that large for the rest of the document.
 This may cause the page layout to be inconsistent, however.

[65]

Package Fancyhdr Warning: \headheight is too small (12.0pt): 
 Make it at least 14.39998pt.
 We now make it that large for the rest of the document.
 This may cause the page layout to be inconsistent, however.

[66]

Package Fancyhdr Warning: \headheight is too small (12.0pt): 
 Make it at least 14.39998pt.
 We now make it that large for the rest of the document.
 This may cause the page layout to be inconsistent, however.

[67]

Package Fancyhdr Warning: \headheight is too small (12.0pt): 
 Make it at least 14.39998pt.
 We now make it that large for the rest of the document.
 This may cause the page layout to be inconsistent, however.

[68]
Appendix C.

Overfull \vbox (23.08354pt too high) detected at line 1755
 []


Underfull \vbox (badness 10000) has occurred while \output is active []

 [69

]

Package Fancyhdr Warning: \headheight is too small (12.0pt): 
 Make it at least 14.39998pt.
 We now make it that large for the rest of the document.
 This may cause the page layout to be inconsistent, however.

[70]

Package Fancyhdr Warning: \headheight is too small (12.0pt): 
 Make it at least 14.39998pt.
 We now make it that large for the rest of the document.
 This may cause the page layout to be inconsistent, however.

[71] (./survey_OSinCTRL.bbl
Underfull \vbox (badness 10000) detected at line 1
 []


Underfull \vbox (badness 10000) has occurred while \output is active []

 [72


]
Underfull \vbox (badness 10000) has occurred while \output is active []



Package Fancyhdr Warning: \headheight is too small (12.0pt): 
 Make it at least 14.39998pt.
 We now make it that large for the rest of the document.
 This may cause the page layout to be inconsistent, however.

[73]
Underfull \vbox (badness 10000) has occurred while \output is active []



Package Fancyhdr Warning: \headheight is too small (12.0pt): 
 Make it at least 14.39998pt.
 We now make it that large for the rest of the document.
 This may cause the page layout to be inconsistent, however.

[74]
Underfull \vbox (badness 10000) has occurred while \output is active []



Package Fancyhdr Warning: \headheight is too small (12.0pt): 
 Make it at least 14.39998pt.
 We now make it that large for the rest of the document.
 This may cause the page layout to be inconsistent, however.

[75]
Underfull \vbox (badness 10000) has occurred while \output is active []



Package Fancyhdr Warning: \headheight is too small (12.0pt): 
 Make it at least 14.39998pt.
 We now make it that large for the rest of the document.
 This may cause the page layout to be inconsistent, however.

[76]
Underfull \vbox (badness 10000) has occurred while \output is active []



Package Fancyhdr Warning: \headheight is too small (12.0pt): 
 Make it at least 14.39998pt.
 We now make it that large for the rest of the document.
 This may cause the page layout to be inconsistent, however.

[77]
Underfull \vbox (badness 10000) has occurred while \output is active []



Package Fancyhdr Warning: \headheight is too small (12.0pt): 
 Make it at least 14.39998pt.
 We now make it that large for the rest of the document.
 This may cause the page layout to be inconsistent, however.

[78]) 
AED: lastpage setting LastPage

Package Fancyhdr Warning: \headheight is too small (12.0pt): 
 Make it at least 14.39998pt.
 We now make it that large for the rest of the document.
 This may cause the page layout to be inconsistent, however.

[79]
Package atveryend Info: Empty hook `BeforeClearDocument' on input line 1875.
Package atveryend Info: Empty hook `AfterLastShipout' on input line 1875.
 (./survey_OSinCTRL.aux)
Package atveryend Info: Executing hook `AtVeryEndDocument' on input line 1875.
Package atveryend Info: Executing hook `AtEndAfterFileList' on input line 1875.

Package rerunfilecheck Info: File `survey_OSinCTRL.out' has not changed.
(rerunfilecheck)             Checksum: 80DB8040F9665EDF61285662C7F4649B;1767.


LaTeX Warning: There were undefined references.


LaTeX Warning: There were multiply-defined labels.

Package atveryend Info: Empty hook `AtVeryVeryEnd' on input line 1875.
 ) 
Here is how much of TeX's memory you used:
 11562 strings out of 493315
 171099 string characters out of 6137903
 279453 words of memory out of 5000000
 14360 multiletter control sequences out of 15000+600000
 136418 words of font info for 101 fonts, out of 8000000 for 9000
 957 hyphenation exceptions out of 8191
 43i,16n,45p,2141b,813s stack positions out of 5000i,500n,10000p,200000b,80000s
{/usr/local/texlive/2013/texmf-dist/fonts/enc/dvips/lm/lm-rm.enc}{/usr/local/
texlive/2013/texmf-dist/fonts/enc/dvips/lm/lm-mathsy.enc}{/usr/local/texlive/20
13/texmf-dist/fonts/enc/dvips/lm/lm-mathit.enc}{/usr/local/texlive/2013/texmf-d
ist/fonts/enc/dvips/lm/lm-ec.enc}{/usr/local/texlive/2013/texmf-dist/fonts/enc/
dvips/lm/lm-mathex.enc}</usr/local/texlive/2013/texmf-dist/fonts/type1/public/l
m/lmbx10.pfb></usr/local/texlive/2013/texmf-dist/fonts/type1/public/lm/lmbx9.pf
b></usr/local/texlive/2013/texmf-dist/fonts/type1/public/lm/lmex10.pfb></usr/lo
cal/texlive/2013/texmf-dist/fonts/type1/public/lm/lmmi10.pfb></usr/local/texliv
e/2013/texmf-dist/fonts/type1/public/lm/lmmi6.pfb></usr/local/texlive/2013/texm
f-dist/fonts/type1/public/lm/lmmi8.pfb></usr/local/texlive/2013/texmf-dist/font
s/type1/public/lm/lmmi9.pfb></usr/local/texlive/2013/texmf-dist/fonts/type1/pub
lic/lm/lmmib10.pfb></usr/local/texlive/2013/texmf-dist/fonts/type1/public/lm/lm
r10.pfb></usr/local/texlive/2013/texmf-dist/fonts/type1/public/lm/lmr5.pfb></us
r/local/texlive/2013/texmf-dist/fonts/type1/public/lm/lmr6.pfb></usr/local/texl
ive/2013/texmf-dist/fonts/type1/public/lm/lmr7.pfb></usr/local/texlive/2013/tex
mf-dist/fonts/type1/public/lm/lmr8.pfb></usr/local/texlive/2013/texmf-dist/font
s/type1/public/lm/lmr9.pfb></usr/local/texlive/2013/texmf-dist/fonts/type1/publ
ic/lm/lmri10.pfb></usr/local/texlive/2013/texmf-dist/fonts/type1/public/lm/lmri
9.pfb></usr/local/texlive/2013/texmf-dist/fonts/type1/public/lm/lmss10.pfb></us
r/local/texlive/2013/texmf-dist/fonts/type1/public/lm/lmssbx10.pfb></usr/local/
texlive/2013/texmf-dist/fonts/type1/public/lm/lmsso10.pfb></usr/local/texlive/2
013/texmf-dist/fonts/type1/public/lm/lmsy10.pfb></usr/local/texlive/2013/texmf-
dist/fonts/type1/public/lm/lmsy6.pfb></usr/local/texlive/2013/texmf-dist/fonts/
type1/public/lm/lmsy8.pfb></usr/local/texlive/2013/texmf-dist/fonts/type1/publi
c/lm/lmsy9.pfb></usr/local/texlive/2013/texmf-dist/fonts/type1/public/amsfonts/
symbols/msbm10.pfb></usr/local/texlive/2013/texmf-dist/fonts/type1/urw/zapfding
/uzdr.pfb>
Output written on survey_OSinCTRL.pdf (82 pages, 692892 bytes).
PDF statistics:
 1468 PDF objects out of 1728 (max. 8388607)
 1307 compressed objects within 14 object streams
 398 named destinations out of 1000 (max. 500000)
 252 words of extra memory for PDF output out of 10000 (max. 10000000)

